Log file open, 04/14/18 16:42:16
LogWindows: Failed to load 'aqProf.dll' (GetLastError=126)
LogWindows: File 'aqProf.dll' does not exist
LogWindows: Failed to load 'VtuneApi.dll' (GetLastError=126)
LogWindows: File 'VtuneApi.dll' does not exist
LogWindows: Failed to load 'VtuneApi32e.dll' (GetLastError=126)
LogWindows: File 'VtuneApi32e.dll' does not exist
LogInit: Display: Running engine for game: MyProject
LogPlatformFile: Not using cached read wrapper
LogInit: Display: RandInit(-213103745) SRandInit(-213103745).
LogInit: Read version file with build ID '3944462'
LogInit: Overriding engine version to CL 3989454, compatible CL 3944462
LogInit: Registered custom module enumerator with build ID '3944462'
LogTaskGraph: Started task graph with 5 named threads and 47 total threads with 3 sets of task threads.
LogStats: Stats thread started at 0.577766
LogD3D11RHI: Aftermath initialized
LogICUInternationalization: Display: ICU TimeZone Detection - Raw Offset: -6:00, Platform Override: ''
LogModuleManager: Display: Found up-to-date module file ../../../Engine/Plugins/Marketplace/WebUI/Binaries/Win64/UE4Editor-WebUI.dll (API version 3944462).
LogModuleManager: Display: Found up-to-date module file ../../../Engine/Plugins/2D/Paper2D/Binaries/Win64/UE4Editor-Paper2D.dll (API version 3944462).
LogModuleManager: Display: Found up-to-date module file ../../../Engine/Plugins/2D/Paper2D/Binaries/Win64/UE4Editor-Paper2DEditor.dll (API version 3944462).
LogModuleManager: Display: Found up-to-date module file ../../../Engine/Plugins/2D/Paper2D/Binaries/Win64/UE4Editor-PaperSpriteSheetImporter.dll (API version 3944462).
LogModuleManager: Display: Found up-to-date module file ../../../Engine/Plugins/2D/Paper2D/Binaries/Win64/UE4Editor-PaperTiledImporter.dll (API version 3944462).
LogModuleManager: Display: Found up-to-date module file ../../../Engine/Plugins/2D/Paper2D/Binaries/Win64/UE4Editor-SmartSnapping.dll (API version 3944462).
LogModuleManager: Display: Found up-to-date module file ../../../Engine/Plugins/Blendables/LightPropagationVolume/Binaries/Win64/UE4Editor-LightPropagationVolumeRuntime.dll (API version 3944462).
LogModuleManager: Display: Found up-to-date module file ../../../Engine/Plugins/Blendables/LightPropagationVolume/Binaries/Win64/UE4Editor-LightPropagationVolumeEditor.dll (API version 3944462).
LogModuleManager: Display: Found up-to-date module file ../../../Engine/Plugins/Developer/CLionSourceCodeAccess/Binaries/Win64/UE4Editor-CLionSourceCodeAccess.dll (API version 3944462).
LogModuleManager: Display: Found up-to-date module file ../../../Engine/Plugins/Developer/GitSourceControl/Binaries/Win64/UE4Editor-GitSourceControl.dll (API version 3944462).
LogModuleManager: Display: Found up-to-date module file ../../../Engine/Plugins/Developer/PerforceSourceControl/Binaries/Win64/UE4Editor-PerforceSourceControl.dll (API version 3944462).
LogModuleManager: Display: Found up-to-date module file ../../../Engine/Plugins/Developer/SubversionSourceControl/Binaries/Win64/UE4Editor-SubversionSourceControl.dll (API version 3944462).
LogModuleManager: Display: Found up-to-date module file ../../../Engine/Plugins/Developer/UObjectPlugin/Binaries/Win64/UE4Editor-UObjectPlugin.dll (API version 3944462).
LogModuleManager: Display: Found up-to-date module file ../../../Engine/Plugins/Developer/VisualStudioCodeSourceCodeAccess/Binaries/Win64/UE4Editor-VisualStudioCodeSourceCodeAccess.dll (API version 3944462).
LogModuleManager: Display: Found up-to-date module file ../../../Engine/Plugins/Developer/VisualStudioSourceCodeAccess/Binaries/Win64/UE4Editor-VisualStudioSourceCodeAccess.dll (API version 3944462).
LogModuleManager: Display: Found up-to-date module file ../../../Engine/Plugins/Editor/AssetManagerEditor/Binaries/Win64/UE4Editor-AssetManagerEditor.dll (API version 3944462).
LogModuleManager: Display: Found up-to-date module file ../../../Engine/Plugins/Editor/CryptoKeys/Binaries/Win64/UE4Editor-CryptoKeys.dll (API version 3944462).
LogModuleManager: Display: Found up-to-date module file ../../../Engine/Plugins/Editor/CryptoKeys/Binaries/Win64/UE4Editor-CryptoKeysOpenSSL.dll (API version 3944462).
LogModuleManager: Display: Found up-to-date module file ../../../Engine/Plugins/Editor/DataValidation/Binaries/Win64/UE4Editor-DataValidation.dll (API version 3944462).
LogModuleManager: Display: Found up-to-date module file ../../../Engine/Plugins/Editor/FacialAnimation/Binaries/Win64/UE4Editor-FacialAnimation.dll (API version 3944462).
LogModuleManager: Display: Found up-to-date module file ../../../Engine/Plugins/Editor/FacialAnimation/Binaries/Win64/UE4Editor-FacialAnimationEditor.dll (API version 3944462).
LogModuleManager: Display: Found up-to-date module file ../../../Engine/Plugins/Editor/GameplayTagsEditor/Binaries/Win64/UE4Editor-GameplayTagsEditor.dll (API version 3944462).
LogModuleManager: Display: Found up-to-date module file ../../../Engine/Plugins/Editor/MobileLauncherProfileWizard/Binaries/Win64/UE4Editor-MobileLauncherProfileWizard.dll (API version 3944462).
LogModuleManager: Display: Found up-to-date module file ../../../Engine/Plugins/Editor/PluginBrowser/Binaries/Win64/UE4Editor-PluginBrowser.dll (API version 3944462).
LogModuleManager: Display: Found up-to-date module file ../../../Engine/Plugins/Editor/SpeedTreeImporter/Binaries/Win64/UE4Editor-SpeedTreeImporter.dll (API version 3944462).
LogModuleManager: Display: Found up-to-date module file ../../../Engine/Plugins/Enterprise/DatasmithContent/Binaries/Win64/UE4Editor-DatasmithContent.dll (API version 3944462).
LogModuleManager: Display: Found up-to-date module file ../../../Engine/Plugins/Experimental/AlembicImporter/Binaries/Win64/UE4Editor-AlembicImporter.dll (API version 3944462).
LogModuleManager: Display: Found up-to-date module file ../../../Engine/Plugins/Experimental/AlembicImporter/Binaries/Win64/UE4Editor-AlembicLibrary.dll (API version 3944462).
LogModuleManager: Display: Found up-to-date module file ../../../Engine/Plugins/Experimental/CharacterAI/Binaries/Win64/UE4Editor-CharacterAI.dll (API version 3944462).
LogModuleManager: Display: Found up-to-date module file ../../../Engine/Plugins/Experimental/HTML5Networking/Binaries/Win64/UE4Editor-HTML5Networking.dll (API version 3944462).
LogModuleManager: Display: Found up-to-date module file ../../../Engine/Plugins/Media/AndroidMedia/Binaries/Win64/UE4Editor-AndroidMediaEditor.dll (API version 3944462).
LogModuleManager: Display: Found up-to-date module file ../../../Engine/Plugins/Media/AndroidMedia/Binaries/Win64/UE4Editor-AndroidMediaFactory.dll (API version 3944462).
LogModuleManager: Display: Found up-to-date module file ../../../Engine/Plugins/Media/AvfMedia/Binaries/Win64/UE4Editor-AvfMediaEditor.dll (API version 3944462).
LogModuleManager: Display: Found up-to-date module file ../../../Engine/Plugins/Media/AvfMedia/Binaries/Win64/UE4Editor-AvfMediaFactory.dll (API version 3944462).
LogModuleManager: Display: Found up-to-date module file ../../../Engine/Plugins/Media/AvfMedia/Binaries/Win64/UE4Editor-AvfMediaFactory.dll (API version 3944462).
LogModuleManager: Display: Found up-to-date module file ../../../Engine/Plugins/Media/ImgMedia/Binaries/Win64/UE4Editor-ImgMedia.dll (API version 3944462).
LogModuleManager: Display: Found up-to-date module file ../../../Engine/Plugins/Media/ImgMedia/Binaries/Win64/UE4Editor-ImgMediaEditor.dll (API version 3944462).
LogModuleManager: Display: Found up-to-date module file ../../../Engine/Plugins/Media/ImgMedia/Binaries/Win64/UE4Editor-ImgMediaFactory.dll (API version 3944462).
LogModuleManager: Display: Found up-to-date module file ../../../Engine/Plugins/Media/ImgMedia/Binaries/Win64/UE4Editor-ImgMediaFactory.dll (API version 3944462).
LogModuleManager: Display: Found up-to-date module file ../../../Engine/Plugins/Media/ImgMedia/Binaries/Win64/UE4Editor-OpenExrWrapper.dll (API version 3944462).
LogModuleManager: Display: Found up-to-date module file ../../../Engine/Plugins/Media/LinearTimecode/Binaries/Win64/UE4Editor-LinearTimecode.dll (API version 3944462).
LogModuleManager: Display: Found up-to-date module file ../../../Engine/Plugins/Media/MediaCompositing/Binaries/Win64/UE4Editor-MediaCompositing.dll (API version 3944462).
LogModuleManager: Display: Found up-to-date module file ../../../Engine/Plugins/Media/MediaCompositing/Binaries/Win64/UE4Editor-MediaCompositingEditor.dll (API version 3944462).
LogModuleManager: Display: Found up-to-date module file ../../../Engine/Plugins/Media/MediaPlayerEditor/Binaries/Win64/UE4Editor-MediaPlayerEditor.dll (API version 3944462).
LogModuleManager: Display: Found up-to-date module file ../../../Engine/Plugins/Media/WmfMedia/Binaries/Win64/UE4Editor-WmfMedia.dll (API version 3944462).
LogModuleManager: Display: Found up-to-date module file ../../../Engine/Plugins/Media/WmfMedia/Binaries/Win64/UE4Editor-WmfMediaEditor.dll (API version 3944462).
LogModuleManager: Display: Found up-to-date module file ../../../Engine/Plugins/Media/WmfMedia/Binaries/Win64/UE4Editor-WmfMediaFactory.dll (API version 3944462).
LogModuleManager: Display: Found up-to-date module file ../../../Engine/Plugins/Media/WmfMedia/Binaries/Win64/UE4Editor-WmfMediaFactory.dll (API version 3944462).
LogModuleManager: Display: Found up-to-date module file ../../../Engine/Plugins/Messaging/TcpMessaging/Binaries/Win64/UE4Editor-TcpMessaging.dll (API version 3944462).
LogModuleManager: Display: Found up-to-date module file ../../../Engine/Plugins/Messaging/UdpMessaging/Binaries/Win64/UE4Editor-UdpMessaging.dll (API version 3944462).
LogModuleManager: Display: Found up-to-date module file ../../../Engine/Plugins/MovieScene/ActorSequence/Binaries/Win64/UE4Editor-ActorSequence.dll (API version 3944462).
LogModuleManager: Display: Found up-to-date module file ../../../Engine/Plugins/MovieScene/LevelSequenceEditor/Binaries/Win64/UE4Editor-LevelSequenceEditor.dll (API version 3944462).
LogModuleManager: Display: Found up-to-date module file ../../../Engine/Plugins/MovieScene/MatineeToLevelSequence/Binaries/Win64/UE4Editor-MatineeToLevelSequence.dll (API version 3944462).
LogModuleManager: Display: Found up-to-date module file ../../../Engine/Plugins/NetcodeUnitTest/NetcodeUnitTest/Binaries/Win64/UE4Editor-NetcodeUnitTest.dll (API version 3944462).
LogModuleManager: Display: Found up-to-date module file ../../../Engine/Plugins/NetcodeUnitTest/NUTUnrealEngine4/Binaries/Win64/UE4Editor-NUTUnrealEngine4.dll (API version 3944462).
LogModuleManager: Display: Found up-to-date module file ../../../Engine/Plugins/Online/OnlineSubsystem/Binaries/Win64/UE4Editor-OnlineSubsystem.dll (API version 3944462).
LogModuleManager: Display: Found up-to-date module file ../../../Engine/Plugins/Runtime/AndroidPermission/Binaries/Win64/UE4Editor-AndroidPermission.dll (API version 3944462).
LogModuleManager: Display: Found up-to-date module file ../../../Engine/Plugins/Online/OnlineSubsystemNull/Binaries/Win64/UE4Editor-OnlineSubsystemNull.dll (API version 3944462).
LogModuleManager: Display: Found up-to-date module file ../../../Engine/Plugins/Online/OnlineSubsystemUtils/Binaries/Win64/UE4Editor-OnlineSubsystemUtils.dll (API version 3944462).
LogModuleManager: Display: Found up-to-date module file ../../../Engine/Plugins/Online/OnlineSubsystemUtils/Binaries/Win64/UE4Editor-OnlineBlueprintSupport.dll (API version 3944462).
LogModuleManager: Display: Found up-to-date module file ../../../Engine/Plugins/Runtime/AndroidDeviceProfileSelector/Binaries/Win64/UE4Editor-AndroidDeviceProfileSelector.dll (API version 3944462).
LogModuleManager: Display: Found up-to-date module file ../../../Engine/Plugins/Runtime/AppleARKit/Binaries/Win64/UE4Editor-AppleARKit.dll (API version 3944462).
LogModuleManager: Display: Found up-to-date module file ../../../Engine/Plugins/Runtime/ProceduralMeshComponent/Binaries/Win64/UE4Editor-ProceduralMeshComponent.dll (API version 3944462).
LogModuleManager: Display: Found up-to-date module file ../../../Engine/Plugins/Runtime/ProceduralMeshComponent/Binaries/Win64/UE4Editor-ProceduralMeshComponentEditor.dll (API version 3944462).
LogModuleManager: Display: Found up-to-date module file ../../../Engine/Plugins/Animation/LiveLink/Binaries/Win64/UE4Editor-LiveLink.dll (API version 3944462).
LogModuleManager: Display: Found up-to-date module file ../../../Engine/Plugins/Animation/LiveLink/Binaries/Win64/UE4Editor-LiveLinkEditor.dll (API version 3944462).
LogModuleManager: Display: Found up-to-date module file ../../../Engine/Plugins/Runtime/ArchVisCharacter/Binaries/Win64/UE4Editor-ArchVisCharacter.dll (API version 3944462).
LogModuleManager: Display: Found up-to-date module file ../../../Engine/Plugins/Runtime/AudioCapture/Binaries/Win64/UE4Editor-AudioCapture.dll (API version 3944462).
LogModuleManager: Display: Found up-to-date module file ../../../Engine/Plugins/Runtime/AudioCapture/Binaries/Win64/UE4Editor-AudioCaptureEditor.dll (API version 3944462).
LogModuleManager: Display: Found up-to-date module file ../../../Engine/Plugins/Runtime/CableComponent/Binaries/Win64/UE4Editor-CableComponent.dll (API version 3944462).
LogModuleManager: Display: Found up-to-date module file ../../../Engine/Plugins/Runtime/CustomMeshComponent/Binaries/Win64/UE4Editor-CustomMeshComponent.dll (API version 3944462).
LogModuleManager: Display: Found up-to-date module file ../../../Engine/Plugins/Runtime/ExampleDeviceProfileSelector/Binaries/Win64/UE4Editor-ExampleDeviceProfileSelector.dll (API version 3944462).
LogModuleManager: Display: Found up-to-date module file ../../../Engine/Plugins/Runtime/ImmediatePhysics/Binaries/Win64/UE4Editor-ImmediatePhysics.dll (API version 3944462).
LogModuleManager: Display: Found up-to-date module file ../../../Engine/Plugins/Runtime/ImmediatePhysics/Binaries/Win64/UE4Editor-ImmediatePhysicsEditor.dll (API version 3944462).
LogModuleManager: Display: Found up-to-date module file ../../../Engine/Plugins/Runtime/LocationServicesBPLibrary/Binaries/Win64/UE4Editor-LocationServicesBPLibrary.dll (API version 3944462).
LogModuleManager: Display: Found up-to-date module file ../../../Engine/Plugins/Runtime/MobilePatchingUtils/Binaries/Win64/UE4Editor-MobilePatchingUtils.dll (API version 3944462).
LogModuleManager: Display: Found up-to-date module file ../../../Engine/Plugins/Runtime/Oculus/OculusVR/Binaries/Win64/UE4Editor-OculusHMD.dll (API version 3944462).
LogModuleManager: Display: Found up-to-date module file ../../../Engine/Plugins/Runtime/Oculus/OculusVR/Binaries/Win64/UE4Editor-OculusInput.dll (API version 3944462).
LogModuleManager: Display: Found up-to-date module file ../../../Engine/Plugins/Runtime/Oculus/OculusVR/Binaries/Win64/UE4Editor-OculusEditor.dll (API version 3944462).
LogModuleManager: Display: Found up-to-date module file ../../../Engine/Plugins/Runtime/PhysXVehicles/Binaries/Win64/UE4Editor-PhysXVehicles.dll (API version 3944462).
LogModuleManager: Display: Found up-to-date module file ../../../Engine/Plugins/Runtime/PhysXVehicles/Binaries/Win64/UE4Editor-PhysXVehiclesEditor.dll (API version 3944462).
LogModuleManager: Display: Found up-to-date module file ../../../Engine/Plugins/Runtime/RuntimePhysXCooking/Binaries/Win64/UE4Editor-RuntimePhysXCooking.dll (API version 3944462).
LogModuleManager: Display: Found up-to-date module file ../../../Engine/Plugins/Runtime/Steam/SteamVR/Binaries/Win64/UE4Editor-SteamVR.dll (API version 3944462).
LogModuleManager: Display: Found up-to-date module file ../../../Engine/Plugins/Runtime/Steam/SteamVR/Binaries/Win64/UE4Editor-SteamVRController.dll (API version 3944462).
LogModuleManager: Display: Found up-to-date module file ../../../Engine/Plugins/Runtime/WindowsMoviePlayer/Binaries/Win64/UE4Editor-WindowsMoviePlayer.dll (API version 3944462).
LogPluginManager: Mounting plugin Paper2D
LogPluginManager: Mounting plugin LiveLink
LogPluginManager: Mounting plugin LightPropagationVolume
LogPluginManager: Mounting plugin CLionSourceCodeAccess
LogPluginManager: Mounting plugin CodeLiteSourceCodeAccess
LogPluginManager: Mounting plugin GitSourceControl
LogPluginManager: Mounting plugin KDevelopSourceCodeAccess
LogPluginManager: Mounting plugin NullSourceCodeAccess
LogPluginManager: Mounting plugin PerforceSourceControl
LogPluginManager: Mounting plugin SubversionSourceControl
LogPluginManager: Mounting plugin UObjectPlugin
LogPluginManager: Mounting plugin VisualStudioCodeSourceCodeAccess
LogPluginManager: Mounting plugin VisualStudioSourceCodeAccess
LogPluginManager: Mounting plugin XCodeSourceCodeAccess
LogPluginManager: Mounting plugin AssetManagerEditor
LogPluginManager: Mounting plugin CryptoKeys
LogPluginManager: Mounting plugin DataValidation
LogPluginManager: Mounting plugin FacialAnimation
LogPluginManager: Mounting plugin GameplayTagsEditor
LogPluginManager: Mounting plugin MobileLauncherProfileWizard
LogPluginManager: Mounting plugin PluginBrowser
LogPluginManager: Mounting plugin SpeedTreeImporter
LogPluginManager: Mounting plugin DatasmithContent
LogPluginManager: Mounting plugin AlembicImporter
LogPluginManager: Mounting plugin CharacterAI
LogPluginManager: Mounting plugin HTML5Networking
LogPluginManager: Mounting plugin WebUI
LogPluginManager: Mounting plugin AndroidMedia
LogPluginManager: Mounting plugin AvfMedia
LogPluginManager: Mounting plugin ImgMedia
LogPluginManager: Mounting plugin LinearTimecode
LogPluginManager: Mounting plugin MediaCompositing
LogPluginManager: Mounting plugin MediaPlayerEditor
LogPluginManager: Mounting plugin WmfMedia
LogPluginManager: Mounting plugin TcpMessaging
LogPluginManager: Mounting plugin UdpMessaging
LogPluginManager: Mounting plugin ActorSequence
LogPluginManager: Mounting plugin LevelSequenceEditor
LogPluginManager: Mounting plugin MatineeToLevelSequence
LogPluginManager: Mounting plugin NetcodeUnitTest
LogPluginManager: Mounting plugin NUTUnrealEngine4
LogPluginManager: Mounting plugin OnlineSubsystemGooglePlay
LogPluginManager: Mounting plugin OnlineSubsystemIOS
LogPluginManager: Mounting plugin OnlineSubsystem
LogPluginManager: Mounting plugin OnlineSubsystemNull
LogPluginManager: Mounting plugin OnlineSubsystemUtils
LogPluginManager: Mounting plugin AndroidDeviceProfileSelector
LogPluginManager: Mounting plugin AndroidMoviePlayer
LogPluginManager: Mounting plugin AndroidPermission
LogPluginManager: Mounting plugin AppleARKit
LogPluginManager: Mounting plugin AppleMoviePlayer
LogPluginManager: Mounting plugin ArchVisCharacter
LogPluginManager: Mounting plugin AudioCapture
LogPluginManager: Mounting plugin CableComponent
LogPluginManager: Mounting plugin CustomMeshComponent
LogPluginManager: Mounting plugin ExampleDeviceProfileSelector
LogPluginManager: Mounting plugin GoogleCloudMessaging
LogPluginManager: Mounting plugin ImmediatePhysics
LogPluginManager: Mounting plugin IOSDeviceProfileSelector
LogPluginManager: Mounting plugin LinuxDeviceProfileSelector
LogPluginManager: Mounting plugin LocationServicesBPLibrary
LogPluginManager: Mounting plugin MobilePatchingUtils
LogPluginManager: Mounting plugin OculusVR
LogPluginManager: Plugin shader directory ../../../Engine/Plugins/Runtime/Oculus/OculusVR/Shaders found
LogPluginManager: Mapping shader source directory ../../../Engine/Plugins/Runtime/Oculus/OculusVR/Shaders to virtual directory /Plugin/OculusVR
LogPluginManager: Mounting plugin PhysXVehicles
LogPluginManager: Mounting plugin ProceduralMeshComponent
LogPluginManager: Mounting plugin RuntimePhysXCooking
LogPluginManager: Mounting plugin SteamVR
LogPluginManager: Mounting plugin WindowsMoviePlayer
LogStreaming: Display: Took  2.014s to configure plugins.
LogInit: Using libcurl 7.47.1
LogInit:  - built for x86_64-pc-win32
LogInit:  - supports SSL with OpenSSL/1.0.2g
LogInit:  - supports HTTP deflate (compression) using libz 1.2.8
LogInit:  - other features:
LogInit:      CURL_VERSION_SSL
LogInit:      CURL_VERSION_LIBZ
LogInit:      CURL_VERSION_IPV6
LogInit:      CURL_VERSION_ASYNCHDNS
LogInit:      CURL_VERSION_LARGEFILE
LogInit:      CURL_VERSION_IDN
LogInit:  CurlRequestOptions (configurable via config and command line):
LogInit:  - bVerifyPeer = false  - Libcurl will NOT verify peer certificate
LogInit:  - bUseHttpProxy = false  - Libcurl will NOT use HTTP proxy
LogInit:  - bDontReuseConnections = false  - Libcurl will reuse connections
LogInit:  - CertBundlePath = nullptr  - Libcurl will use whatever was configured at build time.
LogInit:  - MaxHostConnections = 16  - Libcurl will limit the number of connections to a host
LogInit:  - LocalHostAddr = Default
LogInit: WinSock: version 1.1 (2.2), MaxSocks=32767, MaxUdp=65467
LogInit: WinSock: I am DESKTOP-ID4EF0V (10.0.0.197:0)
LogInit: Build: ++UE4+Release-4.19-CL-3989454
LogInit: Engine Version: 4.19.1-3989454+++UE4+Release-4.19
LogInit: Compatible Engine Version: 4.19.0-3944462+++UE4+Release-4.19
LogInit: Net CL: 3944462
LogDevObjectVersion: Number of dev versions registered: 18
LogDevObjectVersion:   Dev-Blueprints (B0D832E4-1F89-4F0D-ACCF-7EB736FD4AA2): 10
LogDevObjectVersion:   Dev-Build (E1C64328-A22C-4D53-A36C-8E866417BD8C): 0
LogDevObjectVersion:   Dev-Core (375EC13C-06E4-48FB-B500-84F0262A717E): 2
LogDevObjectVersion:   Dev-Editor (E4B068ED-F494-42E9-A231-DA0B2E46BB41): 23
LogDevObjectVersion:   Dev-Framework (CFFC743F-43B0-4480-9391-14DF171D2073): 33
LogDevObjectVersion:   Dev-Mobile (B02B49B5-BB20-44E9-A304-32B752E40360): 2
LogDevObjectVersion:   Dev-Networking (A4E4105C-59A1-49B5-A7C5-40C4547EDFEE): 0
LogDevObjectVersion:   Dev-Online (39C831C9-5AE6-47DC-9A44-9C173E1C8E7C): 0
LogDevObjectVersion:   Dev-Physics (78F01B33-EBEA-4F98-B9B4-84EACCB95AA2): 0
LogDevObjectVersion:   Dev-Platform (6631380F-2D4D-43E0-8009-CF276956A95A): 0
LogDevObjectVersion:   Dev-Rendering (12F88B9F-8875-4AFC-A67C-D90C383ABD29): 25
LogDevObjectVersion:   Dev-Sequencer (7B5AE74C-D270-4C10-A958-57980B212A5A): 6
LogDevObjectVersion:   Dev-VR (D7296918-1DD6-4BDD-9DE2-64A83CC13884): 1
LogDevObjectVersion:   Dev-LoadTimes (C2A15278-BFE7-4AFE-6C17-90FF531DF755): 1
LogDevObjectVersion:   Private-Geometry (6EACA3D4-40EC-4CC1-B786-8BED09428FC5): 2
LogDevObjectVersion:   Dev-AnimPhys (29E575DD-E0A3-4627-9D10-D276232CDCEA): 16
LogDevObjectVersion:   Dev-ReflectionCapture (6B266CEC-1EC7-4B8F-A30B-E4D90942FC07): 1
LogDevObjectVersion:   Dev-Automation (0DF73D61-A23F-47EA-B727-89E90C41499A): 1
LogInit: Compiled (64-bit): Apr  6 2018 12:26:04
LogInit: Compiled with Visual C++: 19.00.24215.01
LogInit: Build Configuration: Development
LogInit: Branch Name: ++UE4+Release-4.19
LogInit: Command Line: -EpicPortal 
LogInit: Base Directory: C:/Program Files/Epic Games/UE_4.19/Engine/Binaries/Win64/
LogInit: Installed Engine Build: 1
LogStreaming: Display: Took  0.000s to delete old logs.
LogInit: Presizing for max 8388607 objects, including 0 objects not considered by GC, pre-allocating 0 bytes for permanent pool.
LogInit: Object subsystem initialized
[2018.04.14-21.42.18:933][  0]LogInit: Selected Device Profile: [Windows]
[2018.04.14-21.42.18:933][  0]LogInit: Applying CVar settings loaded from the selected device profile: [Windows]
[2018.04.14-21.42.18:955][  0]LogInit: Computer: DESKTOP-ID4EF0V
[2018.04.14-21.42.18:955][  0]LogInit: User: 21and
[2018.04.14-21.42.18:955][  0]LogInit: CPU Page size=4096, Cores=8
[2018.04.14-21.42.18:955][  0]LogInit: High frequency timer resolution =3.314090 MHz
[2018.04.14-21.42.18:956][  0]LogMemory: Memory total: Physical=8.0GB (8GB approx)
[2018.04.14-21.42.18:956][  0]LogMemory: Platform Memory Stats for Windows
[2018.04.14-21.42.18:956][  0]LogMemory: Process Physical Memory: 277.11 MB used, 277.11 MB peak
[2018.04.14-21.42.18:956][  0]LogMemory: Process Virtual Memory: 272.51 MB used, 272.51 MB peak
[2018.04.14-21.42.18:956][  0]LogMemory: Physical Memory: 4414.64 MB used,  3728.70 MB free, 8143.35 MB total
[2018.04.14-21.42.18:956][  0]LogMemory: Virtual Memory: 713.41 MB used,  3728.70 MB free, 134217728.00 MB total
[2018.04.14-21.42.18:992][  0]LogInit: Using OS detected language (en-US).
[2018.04.14-21.42.18:992][  0]LogInit: Using OS detected locale (en-US).
[2018.04.14-21.42.18:997][  0]LogTextLocalizationManager: No specific localization for 'en-US' exists, so the 'en' localization will be used.
[2018.04.14-21.42.19:512][  0]LogStreaming: Display: Took  0.520s to EndInitTextLocalization.
[2018.04.14-21.42.19:513][  0]LogInit: Setting process to per monitor DPI aware
[2018.04.14-21.42.19:553][  0]LogSlate: New Slate User Created.  User Index 0, Is Virtual User: 0
[2018.04.14-21.42.19:554][  0]LogSlate: Slate User Registered.  User Index 0, Is Virtual User: 0
[2018.04.14-21.42.19:832][  0]LogD3D11RHI: D3D11 adapters:
[2018.04.14-21.42.19:898][  0]LogD3D11RHI:    0. 'NVIDIA GeForce GTX 1060 6GB' (Feature Level 11_0)
[2018.04.14-21.42.19:899][  0]LogD3D11RHI:       6052/0/4071 MB DedicatedVideo/DedicatedSystem/SharedSystem, Outputs:1, VendorId:0x10de
[2018.04.14-21.42.19:902][  0]LogD3D11RHI:    1. 'Microsoft Basic Render Driver' (Feature Level 11_0)
[2018.04.14-21.42.19:903][  0]LogD3D11RHI:       0/0/4071 MB DedicatedVideo/DedicatedSystem/SharedSystem, Outputs:0, VendorId:0x1414
[2018.04.14-21.42.19:903][  0]LogD3D11RHI: Chosen D3D11 Adapter: 0
[2018.04.14-21.42.19:911][  0]LogD3D11RHI: Creating new Direct3DDevice
[2018.04.14-21.42.19:911][  0]LogD3D11RHI:     GPU DeviceId: 0x1c03 (for the marketing name, search the web for "GPU Device Id")
[2018.04.14-21.42.19:911][  0]LogWindows: EnumDisplayDevices:
[2018.04.14-21.42.19:911][  0]LogWindows:    0. 'NVIDIA GeForce GTX 1060 6GB' (P:1 D:1)
[2018.04.14-21.42.19:912][  0]LogWindows:    1. 'NVIDIA GeForce GTX 1060 6GB' (P:0 D:0)
[2018.04.14-21.42.19:912][  0]LogWindows:    2. 'NVIDIA GeForce GTX 1060 6GB' (P:0 D:0)
[2018.04.14-21.42.19:912][  0]LogWindows:    3. 'NVIDIA GeForce GTX 1060 6GB' (P:0 D:0)
[2018.04.14-21.42.19:912][  0]LogWindows: DebugString: GetVideoDriverDetailsInvalid PrimaryIsNotTheChoosenAdapter GetVideoDriverDetailsInvalid PrimaryIsNotTheChoosenAdapter GetVideoDriverDetailsInvalid PrimaryIsNotTheChoosenAdapter GetVideoDriverDetailsInvalid PrimaryIsNotTheChoosenAdapter FoundDriverCount:0 
[2018.04.14-21.42.19:912][  0]LogD3D11RHI:     Adapter Name: NVIDIA GeForce GTX 1060 6GB
[2018.04.14-21.42.19:912][  0]LogD3D11RHI:   Driver Version: Unknown (internal:Unknown, unified:Unknown)
[2018.04.14-21.42.19:912][  0]LogD3D11RHI:      Driver Date: Unknown
[2018.04.14-21.42.19:912][  0]LogRHI: Texture pool is 4236 MB (70% of 6052 MB)
[2018.04.14-21.42.19:966][  0]LogD3D11RHI: [Aftermath] Aftermath enabled and primed
[2018.04.14-21.42.19:966][  0]LogD3D11RHI: [Aftermath] Aftermath enabled and primed
[2018.04.14-21.42.19:966][  0]LogD3D11RHI: Async texture creation enabled
[2018.04.14-21.42.19:996][  0]LogD3D11RHI: GPU Timing Frequency: 1000.000000 (Debug: 2 2)
[2018.04.14-21.42.20:044][  0]LogShaderCompilers: Guid format shader working directory is -34 characters bigger than the processId version (../../../../../../Users/21and/Documents/Unreal Projects/MOBA2REPOTEST/MyProject/Intermediate/Shaders/WorkingDirectory/15580/).
[2018.04.14-21.42.20:044][  0]LogShaderCompilers: Cleaned the shader compiler working directory 'C:/Users/21and/AppData/Local/Temp/UnrealShaderWorkingDir/6CD3B6C540CF8891A8FEC3A903A4802D/'.
[2018.04.14-21.42.20:353][  0]LogTemp: Display: Loaded TP AllDesktopTargetPlatform
[2018.04.14-21.42.20:372][  0]LogTemp: Display: Loaded TP MacClientTargetPlatform
[2018.04.14-21.42.20:390][  0]LogTemp: Display: Loaded TP MacNoEditorTargetPlatform
[2018.04.14-21.42.20:409][  0]LogTemp: Display: Loaded TP MacServerTargetPlatform
[2018.04.14-21.42.20:430][  0]LogTemp: Display: Loaded TP MacTargetPlatform
[2018.04.14-21.42.20:449][  0]LogTemp: Display: Loaded TP WindowsClientTargetPlatform
[2018.04.14-21.42.20:468][  0]LogTemp: Display: Loaded TP WindowsNoEditorTargetPlatform
[2018.04.14-21.42.20:487][  0]LogTemp: Display: Loaded TP WindowsServerTargetPlatform
[2018.04.14-21.42.20:497][  0]LogTemp: Display: Loaded TP WindowsTargetPlatform
[2018.04.14-21.42.20:513][  0]LogTemp: Display: Loaded TP Android_ASTCTargetPlatform
[2018.04.14-21.42.20:530][  0]LogTemp: Display: Loaded TP Android_ATCTargetPlatform
[2018.04.14-21.42.20:546][  0]LogTemp: Display: Loaded TP Android_DXTTargetPlatform
[2018.04.14-21.42.20:563][  0]LogTemp: Display: Loaded TP Android_ETC1aTargetPlatform
[2018.04.14-21.42.20:580][  0]LogTemp: Display: Loaded TP Android_ETC1TargetPlatform
[2018.04.14-21.42.20:597][  0]LogTemp: Display: Loaded TP Android_ETC2TargetPlatform
[2018.04.14-21.42.20:632][  0]LogTemp: Display: Loaded TP Android_MultiTargetPlatform
[2018.04.14-21.42.20:632][  0]LogTemp: Display: Loaded TP Android_PVRTCTargetPlatform
[2018.04.14-21.42.20:649][  0]LogTemp: Display: Loaded TP AndroidTargetPlatform
[2018.04.14-21.42.20:651][  0]LogTemp: Display: Loaded TP HTML5TargetPlatform
[2018.04.14-21.42.20:697][  0]LogTemp: Display: Loaded TP IOSTargetPlatform
[2018.04.14-21.42.20:723][  0]LogTemp: Display: Loaded TP TVOSTargetPlatform
[2018.04.14-21.42.20:742][  0]LogTemp: Display: Loaded TP LinuxClientTargetPlatform
[2018.04.14-21.42.20:763][  0]LogTemp: Display: Loaded TP LinuxNoEditorTargetPlatform
[2018.04.14-21.42.20:778][  0]LogTemp: Display: Loaded TP LinuxServerTargetPlatform
[2018.04.14-21.42.20:795][  0]LogTemp: Display: Loaded TP LinuxTargetPlatform
[2018.04.14-21.42.20:795][  0]LogTargetPlatformManager: Display: Building Assets For Windows
[2018.04.14-21.42.21:005][  0]LogXGEController: Cannot use XGE Controller as Incredibuild is not installed on this machine.
[2018.04.14-21.42.21:006][  0]LogShaderCompilers: Cannot use XGE Shader Compiler as Incredibuild is not installed on this machine.
[2018.04.14-21.42.21:006][  0]LogShaderCompilers: Display: Using Local Shader Compiler.
[2018.04.14-21.42.21:889][  0]LogDerivedDataCache: Display: Max Cache Size: 512 MB
[2018.04.14-21.42.21:985][  0]LogDerivedDataCache: Loaded boot cache 0.10s 74MB C:/Users/21and/AppData/Local/UnrealEngine/4.19/DerivedDataCache/Boot.ddc.
[2018.04.14-21.42.21:986][  0]LogDerivedDataCache: Display: Loaded Boot cache: C:/Users/21and/AppData/Local/UnrealEngine/4.19/DerivedDataCache/Boot.ddc
[2018.04.14-21.42.21:986][  0]LogDerivedDataCache: FDerivedDataBackendGraph:  Pak pak cache file ../../../../../../Users/21and/Documents/Unreal Projects/MOBA2REPOTEST/MyProject/DerivedDataCache/DDC.ddp not found, will not use a pak cache.
[2018.04.14-21.42.21:986][  0]LogDerivedDataCache: Unable to find inner node Pak for hierarchical cache Hierarchy.
[2018.04.14-21.42.21:986][  0]LogDerivedDataCache: FDerivedDataBackendGraph:  CompressedPak pak cache file ../../../../../../Users/21and/Documents/Unreal Projects/MOBA2REPOTEST/MyProject/DerivedDataCache/Compressed.ddp not found, will not use a pak cache.
[2018.04.14-21.42.21:986][  0]LogDerivedDataCache: Unable to find inner node CompressedPak for hierarchical cache Hierarchy.
[2018.04.14-21.42.22:006][  0]LogDerivedDataCache: Display: Pak cache opened for reading ../../../Engine/DerivedDataCache/Compressed.ddp.
[2018.04.14-21.42.22:019][  0]LogDerivedDataCache: Using Local data cache path C:/Users/21and/AppData/Local/UnrealEngine/Common/DerivedDataCache: Writable
[2018.04.14-21.42.22:040][  0]LogMaterial: Verifying Global Shaders for PCD3D_SM5
[2018.04.14-21.42.22:040][  0]LogSlate: Using Freetype 2.6.0
[2018.04.14-21.42.22:041][  0]LogSlate: SlateFontCache - WITH_FREETYPE: 1, WITH_HARFBUZZ: 1
[2018.04.14-21.42.22:041][  0]LogSlate: SlateFontCache - WITH_FREETYPE: 1, WITH_HARFBUZZ: 1
[2018.04.14-21.42.22:232][  0]LogAssetRegistry: FAssetRegistry took 0.0312 seconds to start up
[2018.04.14-21.42.22:663][  0]LogInit: Selected Device Profile: [Windows]
[2018.04.14-21.42.22:844][  0]LogSimplygon: Simplygon DLL not present - disabling.
[2018.04.14-21.42.22:849][  0]LogMeshReduction: Using SimplygonSwarm for distributed automatic mesh merging
[2018.04.14-21.42.22:849][  0]LogMeshReduction: Using QuadricMeshReduction for automatic static mesh reduction
[2018.04.14-21.42.22:849][  0]LogMeshReduction: No automatic skeletal mesh reduction module available
[2018.04.14-21.42.22:849][  0]LogMeshReduction: No automatic mesh merging module available
[2018.04.14-21.42.22:849][  0]LogMeshMerging: No automatic mesh merging module available
[2018.04.14-21.42.22:897][  0]LogNetVersion: MyProject , NetCL: 3944462, EngineNetVer: 2, GameNetVer: 0 (Checksum: 2475486345)
[2018.04.14-21.42.23:481][  0]LogPackageLocalizationCache: Processed 9 localized package path(s) for 2 prioritized culture(s) in 0.136383 seconds
[2018.04.14-21.42.23:488][  0]LogUObjectArray: 36728 objects as part of root set at end of initial load.
[2018.04.14-21.42.23:488][  0]LogUObjectAllocator: 7314304 out of 0 bytes used by permanent object pool.
[2018.04.14-21.42.23:488][  0]LogUObjectArray: CloseDisregardForGC: 0/0 objects in disregard for GC pool
[2018.04.14-21.42.25:654][  0]LogTcpMessaging: Initializing TcpMessaging bridge
[2018.04.14-21.42.25:719][  0]LogUdpMessaging: Initializing bridge on interface 0.0.0.0:0 to multicast group 230.0.0.1:6666.
[2018.04.14-21.42.26:382][  0]SourceControl: Source control is disabled
[2018.04.14-21.42.26:382][  0]SourceControl: Source control is disabled
[2018.04.14-21.42.26:417][  0]SourceControl: Source control is disabled
[2018.04.14-21.42.26:460][  0]SourceControl: Source control is disabled
[2018.04.14-21.42.27:349][  0]LogAndroidPermission: UAndroidPermissionCallbackProxy::GetInstance
[2018.04.14-21.42.27:659][  0]LogOcInput: OculusInput pre-init called
[2018.04.14-21.42.27:852][  0]LogEngine: Initializing Engine...
[2018.04.14-21.42.27:854][  0]LogHMD: Failed to initialize OpenVR with code 110
[2018.04.14-21.42.27:855][  0]LogStats: UGameplayTagsManager::ConstructGameplayTagTree: Construct from data asset -  0.000 s
[2018.04.14-21.42.27:855][  0]LogStats: UGameplayTagsManager::ConstructGameplayTagTree: GameplayTagTreeChangedEvent.Broadcast -  0.000 s
[2018.04.14-21.42.28:129][  0]LogAIModule: Creating AISystem for world Untitled
[2018.04.14-21.42.28:234][  0]LogInit: XAudio2 using 'Realtek HD Audio 2nd output (Realtek High Definition Audio)' : 2 channels at 48 kHz using 32 bits per sample (channel mask 0x3)
[2018.04.14-21.42.28:285][  0]LogInit: FAudioDevice initialized.
[2018.04.14-21.42.28:377][  0]LogDerivedDataCache: Saved boot cache 0.09s 74MB C:/Users/21and/AppData/Local/UnrealEngine/4.19/DerivedDataCache/Boot.ddc.
[2018.04.14-21.42.28:397][  0]LogInit: Texture streaming: Enabled
[2018.04.14-21.42.28:429][  0]LogEngineSessionManager: EngineSessionManager initialized
[2018.04.14-21.42.28:459][  0]LogInit: Transaction tracking system initialized
[2018.04.14-21.42.28:501][  0]BlueprintLog: New page: Editor Load
[2018.04.14-21.42.28:660][  0]LocalizationService: Localization service is disabled
[2018.04.14-21.42.28:863][  0]LogConsoleResponse: Display: 
[2018.04.14-21.42.29:039][  0]LogCook: Display: Max memory allowance for cook 16384mb min free memory 0mb
[2018.04.14-21.42.29:039][  0]LogCook: Display: Mobile HDR setting 1
[2018.04.14-21.42.29:039][  0]LogGameplayTags: Display: UGameplayTagsManager::DoneAddingNativeTags. DelegateIsBound: 0
[2018.04.14-21.42.29:039][  0]LogStats: UGameplayTagsManager::ConstructGameplayTagTree: Construct from data asset -  0.000 s
[2018.04.14-21.42.29:039][  0]LogStats: UGameplayTagsManager::ConstructGameplayTagTree: GameplayTagTreeChangedEvent.Broadcast -  0.000 s
[2018.04.14-21.42.29:759][  0]LogFileCache: Scanning file cache for directory 'C:/Users/21and/Documents/Unreal Projects/MOBA2REPOTEST/MyProject/Content/' took 0.01s
[2018.04.14-21.42.29:759][  0]SourceControl: Source control is disabled
[2018.04.14-21.42.29:760][  0]Cmd: MAP LOAD FILE="../../../Engine/Content/Maps/Templates/Template_Default.umap" TEMPLATE=1 SHOWPROGRESS=1 FEATURELEVEL=3
[2018.04.14-21.42.29:760][  0]LightingResults: New page: Lighting Build
[2018.04.14-21.42.29:765][  0]MapCheck: New page: Map Check
[2018.04.14-21.42.29:765][  0]LightingResults: New page: Lighting Build
[2018.04.14-21.42.29:993][  0]LogAIModule: Creating AISystem for world Untitled_1
[2018.04.14-21.42.30:002][  0]LogEditorServer: Finished looking for orphan Actors (0.000 secs)
[2018.04.14-21.42.30:015][  0]Cmd: MAP CHECKDEP NOCLEARLOG
[2018.04.14-21.42.30:114][  0]MapCheck: Map check complete: 0 Error(s), 0 Warning(s), took 99.213ms to complete.
[2018.04.14-21.42.30:114][  0]LogFileHelpers: Loading map 'Template_Default' took 0.355
[2018.04.14-21.42.30:274][  0]LogCollectionManager: Loaded 0 collections in 0.003137 seconds
[2018.04.14-21.42.30:321][  0]LogFileCache: Scanning file cache for directory 'C:/Users/21and/Documents/Unreal Projects/MOBA2REPOTEST/MyProject/Saved/Collections/' took 0.01s
[2018.04.14-21.42.30:321][  0]LogFileCache: Scanning file cache for directory 'C:/Users/21and/Documents/Unreal Projects/MOBA2REPOTEST/MyProject/Content/Developers/21and/Collections/' took 0.01s
[2018.04.14-21.42.30:321][  0]LogFileCache: Scanning file cache for directory 'C:/Users/21and/Documents/Unreal Projects/MOBA2REPOTEST/MyProject/Content/Collections/' took 0.01s
[2018.04.14-21.42.30:321][  0]LogCollectionManager: Rebuilt the GUID cache for 0 collections in 0.000000 seconds
[2018.04.14-21.42.30:333][  0]LogContentBrowser: Native class hierarchy populated in 0.0111 seconds. Added 2457 classes and 561 folders.
[2018.04.14-21.42.30:343][  0]LogContentBrowser: Native class hierarchy updated for 'WidgetCarousel' in 0.0002 seconds. Added 0 classes and 0 folders.
[2018.04.14-21.42.30:430][  0]LogContentBrowser: Native class hierarchy updated for 'AddContentDialog' in 0.0002 seconds. Added 0 classes and 0 folders.
[2018.04.14-21.42.30:437][  0]LogContentBrowser: Native class hierarchy updated for 'SceneOutliner' in 0.0003 seconds. Added 1 classes and 2 folders.
[2018.04.14-21.42.30:456][  0]LogSlate: Took 0.000546 seconds to synchronously load lazily loaded font '../../../Engine/Content/Slate/Fonts/Roboto-Regular.ttf' (155K)
[2018.04.14-21.42.30:461][  0]LogSlate: Took 0.000668 seconds to synchronously load lazily loaded font '../../../Engine/Content/Slate/Fonts/Roboto-Bold.ttf' (160K)
[2018.04.14-21.42.30:472][  0]LogSlate: Took 0.000405 seconds to synchronously load lazily loaded font '../../../Engine/Content/Editor/Slate/Fonts/FontAwesome.ttf' (139K)
[2018.04.14-21.42.30:574][  0]LogRenderer: Reallocating scene render targets to support 680x300 Format 10 NumSamples 1 (Frame:1).
[2018.04.14-21.42.30:755][  0]LogContentBrowser: Native class hierarchy updated for 'HierarchicalLODOutliner' in 0.0003 seconds. Added 0 classes and 0 folders.
[2018.04.14-21.42.30:755][  0]LogLoad: (Engine Initialization) Total time: 16.45 seconds
[2018.04.14-21.42.30:755][  0]LogLoad: (Engine Initialization) Total Blueprint compile time: 0.00 seconds
[2018.04.14-21.42.30:765][  0]LogWindowsTextInputMethodSystem: Display: IME system now deactivated.
[2018.04.14-21.42.30:786][  0]LogContentStreaming: Texture pool size now 1000 MB
[2018.04.14-21.42.30:812][  0]LogSlate: Took 0.000241 seconds to synchronously load lazily loaded font '../../../Engine/Content/Slate/Fonts/Roboto-Light.ttf' (167K)
[2018.04.14-21.42.30:831][  1]LogAssetRegistry: Asset discovery search completed in 8.6215 seconds
[2018.04.14-21.42.30:832][  1]LogCollectionManager: Rebuilt the object cache for 0 collections in 0.000000 seconds (found 0 objects)
[2018.04.14-21.42.30:833][  1]LogCollectionManager: Fixed up redirectors for 0 collections in 0.000053 seconds (updated 0 objects)
[2018.04.14-21.42.34:145][379]LogSlate: FSceneViewport::OnFocusLost() reason 2
[2018.04.14-21.42.35:011][481]LogSlate: FSceneViewport::OnFocusLost() reason 2
[2018.04.14-21.42.54:013][666]LogSlate: Window 'Source Control Login' being destroyed
[2018.04.14-21.42.57:873][127]LogSlate: FSceneViewport::OnFocusLost() reason 0
[2018.04.14-21.43.03:224][749]LogSlate: Took 0.000303 seconds to synchronously load lazily loaded font '../../../Engine/Content/Slate/Fonts/Roboto-Light.ttf' (167K)
[2018.04.14-21.43.04:413][749]LogSlate: Window 'Pick Parent Class' being destroyed
[2018.04.14-21.44.14:325][903]LogSlate: Window 'Save Content' being destroyed
[2018.04.14-21.44.14:453][903]Cmd: OBJ SAVEPACKAGE PACKAGE="/Game/Acotr" FILE="../../../../../../Users/21and/Documents/Unreal Projects/MOBA2REPOTEST/MyProject/Content/Acotr.uasset" SILENT=true
[2018.04.14-21.44.14:466][903]LogSavePackage: Save=9.27ms
[2018.04.14-21.44.14:466][903]LogSavePackage: Moving '../../../../../../Users/21and/Documents/Unreal Projects/MOBA2REPOTEST/MyProject/Saved/Acotr0AE461304C87047A4A6763B124E0A494.tmp' to '../../../../../../Users/21and/Documents/Unreal Projects/MOBA2REPOTEST/MyProject/Content/Acotr.uasset'
[2018.04.14-21.44.14:473][903]LogSavePackage: Display: Finished SavePackage ../../../../../../Users/21and/Documents/Unreal Projects/MOBA2REPOTEST/MyProject/Content/Acotr.uasset
[2018.04.14-21.48.25:836][505]LogDirectoryWatcher: A directory notification failed for 'C:/Users/21and/Documents/Unreal Projects/MOBA2REPOTEST/MyProject/Content/Collections/' because it could not be accessed. Aborting watch request...
[2018.04.14-21.48.25:836][505]LogDirectoryWatcher: A directory notification failed for 'C:/Users/21and/Documents/Unreal Projects/MOBA2REPOTEST/MyProject/Content/Developers/21and/Collections/' because it could not be accessed. Aborting watch request...
[2018.04.14-21.48.26:171][506]LogDirectoryWatcher: A directory notification failed for 'C:/Users/21and/Documents/Unreal Projects/MOBA2REPOTEST/MyProject/Saved/Collections/' because it could not be accessed. Aborting watch request...
[2018.04.14-21.48.31:784][627]LogSlate: Window 'MyProject - Unreal Editor' being destroyed
[2018.04.14-21.48.31:786][627]LogWindowsTextInputMethodSystem: Display: IME system now deactivated.
[2018.04.14-21.48.31:958][628]Cmd: QUIT_EDITOR
[2018.04.14-21.48.31:988][628]LogSlate: Slate User Destroyed.  User Index 0, Is Virtual User: 0
[2018.04.14-21.48.31:989][628]LogExit: Preparing to exit.
[2018.04.14-21.48.32:855][628]LogDirectoryWatcher: A directory notification for 'C:/Users/21and/Documents/Unreal Projects/MOBA2REPOTEST/MyProject/Content/' was aborted.
[2018.04.14-21.48.32:877][628]LogExit: Editor shut down
[2018.04.14-21.48.32:886][628]LogExit: Transaction tracking system shut down
[2018.04.14-21.48.33:048][628]LogDirectoryWatcher: A directory notification for '../../../Engine/Content/' was aborted.
[2018.04.14-21.48.33:048][628]LogDirectoryWatcher: A directory notification for '../../../../../../Users/21and/Documents/Unreal Projects/MOBA2REPOTEST/MyProject/Content/' was aborted.
[2018.04.14-21.48.33:048][628]LogDirectoryWatcher: A directory notification for '../../Plugins/2D/Paper2D/Content/' was aborted.
[2018.04.14-21.48.33:048][628]LogDirectoryWatcher: A directory notification for '../../Plugins/Enterprise/DatasmithContent/Content/' was aborted.
[2018.04.14-21.48.33:049][628]LogDirectoryWatcher: A directory notification for '../../Plugins/Media/MediaCompositing/Content/' was aborted.
[2018.04.14-21.48.33:049][628]LogDirectoryWatcher: A directory notification for '../../Plugins/Runtime/AppleARKit/Content/' was aborted.
[2018.04.14-21.48.33:049][628]LogDirectoryWatcher: A directory notification for '../../Plugins/Runtime/Oculus/OculusVR/Content/' was aborted.
[2018.04.14-21.48.33:049][628]LogDirectoryWatcher: A directory notification for '../../Plugins/Runtime/Steam/SteamVR/Content/' was aborted.
[2018.04.14-21.48.33:117][628]LogExit: Object subsystem successfully closed.
[2018.04.14-21.48.33:151][628]LogShaderCompilers: Display: Shaders left to compile 0
[2018.04.14-21.48.33:155][628]LogD3D11RHI: Shutdown
[2018.04.14-21.48.33:155][628]LogD3D11RHI: CleanupD3DDevice
[2018.04.14-21.48.33:158][628]LogD3D11RHI: ~FD3D11DynamicRHI
[2018.04.14-21.48.33:196][628]LogModuleManager: Shutting down and abandoning module HierarchicalLODOutliner (578)
[2018.04.14-21.48.33:196][628]LogModuleManager: Shutting down and abandoning module SceneOutliner (576)
[2018.04.14-21.48.33:196][628]LogModuleManager: Shutting down and abandoning module AddContentDialog (574)
[2018.04.14-21.48.33:197][628]LogDirectoryWatcher: A directory notification for 'C:/Program Files/Epic Games/UE_4.19/FeaturePacks/' was aborted.
[2018.04.14-21.48.33:198][628]LogModuleManager: Shutting down and abandoning module WidgetCarousel (573)
[2018.04.14-21.48.33:198][628]LogModuleManager: Shutting down and abandoning module EditorWidgets (570)
[2018.04.14-21.48.33:198][628]LogModuleManager: Shutting down and abandoning module CollectionManager (568)
[2018.04.14-21.48.33:198][628]LogModuleManager: Shutting down and abandoning module HierarchicalLODUtilities (566)
[2018.04.14-21.48.33:198][628]LogModuleManager: Shutting down and abandoning module StatsViewer (564)
[2018.04.14-21.48.33:198][628]LogModuleManager: Shutting down and abandoning module FoliageEdit (562)
[2018.04.14-21.48.33:198][628]LogModuleManager: Shutting down and abandoning module LandscapeEditor (560)
[2018.04.14-21.48.33:198][628]LogModuleManager: Shutting down and abandoning module MeshPaintMode (558)
[2018.04.14-21.48.33:199][628]LogModuleManager: Shutting down and abandoning module SceneDepthPickerMode (556)
[2018.04.14-21.48.33:199][628]LogModuleManager: Shutting down and abandoning module ActorPickerMode (554)
[2018.04.14-21.48.33:199][628]LogModuleManager: Shutting down and abandoning module GeometryMode (552)
[2018.04.14-21.48.33:199][628]LogModuleManager: Shutting down and abandoning module TextureAlignMode (550)
[2018.04.14-21.48.33:199][628]LogModuleManager: Shutting down and abandoning module BspMode (548)
[2018.04.14-21.48.33:199][628]LogModuleManager: Shutting down and abandoning module PIEPreviewDeviceProfileSelector (546)
[2018.04.14-21.48.33:199][628]LogModuleManager: Shutting down and abandoning module HardwareSurvey (544)
[2018.04.14-21.48.33:199][628]LogModuleManager: Shutting down and abandoning module SequenceRecorderSections (542)
[2018.04.14-21.48.33:199][628]LogModuleManager: Shutting down and abandoning module AutomationWorker (540)
[2018.04.14-21.48.33:199][628]LogModuleManager: Shutting down and abandoning module AudioCaptureEditor (538)
[2018.04.14-21.48.33:199][628]LogModuleManager: Shutting down and abandoning module SequenceRecorder (537)
[2018.04.14-21.48.33:199][628]LogModuleManager: Shutting down and abandoning module MatineeToLevelSequence (534)
[2018.04.14-21.48.33:199][628]LogModuleManager: Shutting down and abandoning module LevelSequenceEditor (532)
[2018.04.14-21.48.33:199][628]LogModuleManager: Shutting down and abandoning module PlacementMode (531)
[2018.04.14-21.48.33:199][628]LogModuleManager: Shutting down and abandoning module MaterialEditor (530)
[2018.04.14-21.48.33:199][628]LogModuleManager: Shutting down and abandoning module WmfMediaFactory (526)
[2018.04.14-21.48.33:199][628]LogModuleManager: Shutting down and abandoning module WmfMediaEditor (524)
[2018.04.14-21.48.33:199][628]LogModuleManager: Shutting down and abandoning module MediaPlayerEditor (522)
[2018.04.14-21.48.33:199][628]LogModuleManager: Shutting down and abandoning module OpenExrWrapper (520)
[2018.04.14-21.48.33:199][628]LogModuleManager: Shutting down and abandoning module ImgMediaFactory (518)
[2018.04.14-21.48.33:199][628]LogModuleManager: Shutting down and abandoning module ImgMediaEditor (516)
[2018.04.14-21.48.33:199][628]LogModuleManager: Shutting down and abandoning module AvfMediaFactory (514)
[2018.04.14-21.48.33:199][628]LogModuleManager: Shutting down and abandoning module AvfMediaEditor (512)
[2018.04.14-21.48.33:199][628]LogModuleManager: Shutting down and abandoning module AndroidMediaFactory (510)
[2018.04.14-21.48.33:199][628]LogModuleManager: Shutting down and abandoning module AndroidMediaEditor (508)
[2018.04.14-21.48.33:199][628]LogModuleManager: Shutting down and abandoning module CharacterAI (506)
[2018.04.14-21.48.33:199][628]LogModuleManager: Shutting down and abandoning module SmartSnapping (504)
[2018.04.14-21.48.33:199][628]LogModuleManager: Shutting down and abandoning module SessionServices (502)
[2018.04.14-21.48.33:199][628]LogModuleManager: Shutting down and abandoning module ViewportSnapping (500)
[2018.04.14-21.48.33:200][628]LogModuleManager: Shutting down and abandoning module ViewportInteraction (498)
[2018.04.14-21.48.33:200][628]LogModuleManager: Shutting down and abandoning module ClothPainter (496)
[2018.04.14-21.48.33:200][628]LogModuleManager: Shutting down and abandoning module SkeletalMeshEditor (495)
[2018.04.14-21.48.33:200][628]LogModuleManager: Shutting down and abandoning module LogVisualizer (492)
[2018.04.14-21.48.33:200][628]LogModuleManager: Shutting down and abandoning module IntroTutorials (490)
[2018.04.14-21.48.33:200][628]LogModuleManager: Shutting down and abandoning module GameProjectGeneration (489)
[2018.04.14-21.48.33:200][628]LogModuleManager: Shutting down and abandoning module IOSPlatformEditor (486)
[2018.04.14-21.48.33:200][628]LogModuleManager: Shutting down and abandoning module HTML5PlatformEditor (484)
[2018.04.14-21.48.33:200][628]LogModuleManager: Shutting down and abandoning module AndroidPlatformEditor (482)
[2018.04.14-21.48.33:200][628]LogModuleManager: Shutting down and abandoning module AndroidDeviceDetection (481)
[2018.04.14-21.48.33:893][628]LogModuleManager: Shutting down and abandoning module WindowsPlatformEditor (478)
[2018.04.14-21.48.33:894][628]LogModuleManager: Shutting down and abandoning module IOSRuntimeSettings (476)
[2018.04.14-21.48.33:894][628]LogModuleManager: Shutting down and abandoning module AndroidRuntimeSettings (474)
[2018.04.14-21.48.33:894][628]LogModuleManager: Shutting down and abandoning module InputBindingEditor (472)
[2018.04.14-21.48.33:894][628]LogModuleManager: Shutting down and abandoning module MergeActors (470)
[2018.04.14-21.48.33:894][628]LogModuleManager: Shutting down and abandoning module LocalizationDashboard (468)
[2018.04.14-21.48.33:894][628]LogModuleManager: Shutting down and abandoning module LocalizationService (467)
[2018.04.14-21.48.33:894][628]LogModuleManager: Shutting down and abandoning module HardwareTargeting (464)
[2018.04.14-21.48.33:894][628]LogModuleManager: Shutting down and abandoning module DeviceProfileEditor (462)
[2018.04.14-21.48.33:894][628]LogModuleManager: Shutting down and abandoning module UndoHistory (460)
[2018.04.14-21.48.33:894][628]LogModuleManager: Shutting down and abandoning module XmlParser (458)
[2018.04.14-21.48.33:894][628]LogModuleManager: Shutting down and abandoning module Blutility (456)
[2018.04.14-21.48.33:894][628]LogModuleManager: Shutting down and abandoning module ProjectSettingsViewer (454)
[2018.04.14-21.48.33:894][628]LogModuleManager: Shutting down and abandoning module ProjectTargetPlatformEditor (453)
[2018.04.14-21.48.33:894][628]LogModuleManager: Shutting down and abandoning module EditorSettingsViewer (450)
[2018.04.14-21.48.33:894][628]LogModuleManager: Shutting down and abandoning module SettingsEditor (448)
[2018.04.14-21.48.33:894][628]LogModuleManager: Shutting down and abandoning module ProjectLauncher (446)
[2018.04.14-21.48.33:894][628]LogModuleManager: Shutting down and abandoning module SessionFrontend (444)
[2018.04.14-21.48.33:894][628]LogModuleManager: Shutting down and abandoning module ProfilerClient (442)
[2018.04.14-21.48.33:894][628]LogModuleManager: Shutting down and abandoning module DeviceManager (440)
[2018.04.14-21.48.33:894][628]LogModuleManager: Shutting down and abandoning module TargetDeviceServices (439)
[2018.04.14-21.48.33:949][628]LogModuleManager: Shutting down and abandoning module AutomationController (436)
[2018.04.14-21.48.33:949][628]LogModuleManager: Shutting down and abandoning module AutomationWindow (434)
[2018.04.14-21.48.33:949][628]LogModuleManager: Shutting down and abandoning module Layers (432)
[2018.04.14-21.48.33:949][628]LogModuleManager: Shutting down and abandoning module ComponentVisualizers (430)
[2018.04.14-21.48.33:949][628]LogModuleManager: Shutting down and abandoning module DetailCustomizations (428)
[2018.04.14-21.48.33:949][628]LogModuleManager: Shutting down and abandoning module PackagesDialog (426)
[2018.04.14-21.48.33:949][628]LogModuleManager: Shutting down and abandoning module Persona (424)
[2018.04.14-21.48.33:949][628]LogModuleManager: Shutting down and abandoning module AdvancedPreviewScene (423)
[2018.04.14-21.48.33:949][628]LogModuleManager: Shutting down and abandoning module AnimGraph (421)
[2018.04.14-21.48.33:949][628]LogModuleManager: Shutting down and abandoning module Kismet (418)
[2018.04.14-21.48.33:949][628]LogModuleManager: Shutting down and abandoning module GraphEditor (416)
[2018.04.14-21.48.33:949][628]LogModuleManager: Shutting down and abandoning module ClassViewer (414)
[2018.04.14-21.48.33:951][628]LogModuleManager: Shutting down and abandoning module Toolbox (412)
[2018.04.14-21.48.33:951][628]LogModuleManager: Shutting down and abandoning module ModuleUI (410)
[2018.04.14-21.48.33:951][628]LogModuleManager: Shutting down and abandoning module MovieSceneTools (408)
[2018.04.14-21.48.33:951][628]LogModuleManager: Shutting down and abandoning module OutputLog (406)
[2018.04.14-21.48.33:951][628]LogModuleManager: Shutting down and abandoning module GammaUI (404)
[2018.04.14-21.48.33:951][628]LogModuleManager: Shutting down and abandoning module Documentation (402)
[2018.04.14-21.48.33:951][628]LogModuleManager: Shutting down and abandoning module MovieSceneTracks (400)
[2018.04.14-21.48.33:951][628]LogModuleManager: Shutting down and abandoning module MovieScene (398)
[2018.04.14-21.48.33:951][628]LogModuleManager: Shutting down and abandoning module StreamingPauseRendering (396)
[2018.04.14-21.48.33:951][628]LogModuleManager: Shutting down and abandoning module LauncherPlatform (394)
[2018.04.14-21.48.33:951][628]LogModuleManager: Shutting down and abandoning module AnalyticsET (392)
[2018.04.14-21.48.33:951][628]LogModuleManager: Shutting down and abandoning module PortalServices (390)
[2018.04.14-21.48.33:951][628]LogModuleManager: Shutting down and abandoning module PortalRpc (388)
[2018.04.14-21.48.33:951][628]LogModuleManager: Shutting down and abandoning module MessagingRpc (386)
[2018.04.14-21.48.33:951][628]LogModuleManager: Shutting down and abandoning module AIModule (384)
[2018.04.14-21.48.33:951][628]LogModuleManager: Shutting down and abandoning module GameplayDebugger (383)
[2018.04.14-21.48.33:951][628]LogModuleManager: Shutting down and abandoning module AITestSuite (381)
[2018.04.14-21.48.33:951][628]LogModuleManager: Shutting down and abandoning module DesktopPlatform (378)
[2018.04.14-21.48.33:951][628]LogModuleManager: Shutting down and abandoning module ProfilerService (376)
[2018.04.14-21.48.34:103][628]LogModuleManager: Shutting down and abandoning module TaskGraph (374)
[2018.04.14-21.48.34:103][628]LogModuleManager: Shutting down and abandoning module SteamVRController (372)
[2018.04.14-21.48.34:103][628]LogModuleManager: Shutting down and abandoning module ProceduralMeshComponentEditor (370)
[2018.04.14-21.48.34:103][628]LogModuleManager: Shutting down and abandoning module ProceduralMeshComponent (368)
[2018.04.14-21.48.34:103][628]LogModuleManager: Shutting down and abandoning module OculusInput (366)
[2018.04.14-21.48.34:103][628]LogModuleManager: Shutting down and abandoning module MobilePatchingUtils (364)
[2018.04.14-21.48.34:103][628]LogModuleManager: Shutting down and abandoning module CustomMeshComponent (362)
[2018.04.14-21.48.34:103][628]LogModuleManager: Shutting down and abandoning module CableComponent (360)
[2018.04.14-21.48.34:103][628]LogModuleManager: Shutting down and abandoning module AudioCapture (358)
[2018.04.14-21.48.34:103][628]LogModuleManager: Shutting down and abandoning module ArchVisCharacter (356)
[2018.04.14-21.48.34:103][628]LogModuleManager: Shutting down and abandoning module AndroidPermission (354)
[2018.04.14-21.48.34:103][628]LogModuleManager: Shutting down and abandoning module NUTUnrealEngine4 (350)
[2018.04.14-21.48.34:103][628]LogModuleManager: Shutting down and abandoning module NetcodeUnitTest (348)
[2018.04.14-21.48.34:103][628]LogModuleManager: Shutting down and abandoning module MediaCompositingEditor (346)
[2018.04.14-21.48.34:103][628]LogModuleManager: Shutting down and abandoning module MediaCompositing (344)
[2018.04.14-21.48.34:103][628]LogModuleManager: Shutting down and abandoning module LinearTimecode (342)
[2018.04.14-21.48.34:103][628]LogModuleManager: Shutting down and abandoning module ImgMedia (340)
[2018.04.14-21.48.34:108][628]LogModuleManager: Shutting down and abandoning module HTML5Networking (338)
[2018.04.14-21.48.34:108][628]LogModuleManager: Shutting down and abandoning module AlembicImporter (336)
[2018.04.14-21.48.34:108][628]LogModuleManager: Shutting down and abandoning module AlembicLibrary (335)
[2018.04.14-21.48.34:109][628]LogModuleManager: Shutting down and abandoning module GeometryCache (334)
[2018.04.14-21.48.34:109][628]LogModuleManager: Shutting down and abandoning module GeometryCacheEd (333)
[2018.04.14-21.48.34:109][628]LogModuleManager: Shutting down and abandoning module DatasmithContent (328)
[2018.04.14-21.48.34:109][628]LogModuleManager: Shutting down and abandoning module SpeedTreeImporter (326)
[2018.04.14-21.48.34:109][628]LogModuleManager: Shutting down and abandoning module PluginBrowser (324)
[2018.04.14-21.48.34:109][628]LogModuleManager: Shutting down and abandoning module MobileLauncherProfileWizard (322)
[2018.04.14-21.48.34:109][628]LogModuleManager: Shutting down and abandoning module CryptoKeysOpenSSL (320)
[2018.04.14-21.48.34:109][628]LogModuleManager: Shutting down and abandoning module CryptoKeys (318)
[2018.04.14-21.48.34:109][628]LogModuleManager: Shutting down and abandoning module VisualStudioSourceCodeAccess (316)
[2018.04.14-21.48.34:109][628]LogModuleManager: Shutting down and abandoning module VisualStudioCodeSourceCodeAccess (314)
[2018.04.14-21.48.34:109][628]LogModuleManager: Shutting down and abandoning module UObjectPlugin (312)
[2018.04.14-21.48.34:109][628]LogModuleManager: Shutting down and abandoning module SubversionSourceControl (310)
[2018.04.14-21.48.34:109][628]LogModuleManager: Shutting down and abandoning module PerforceSourceControl (308)
[2018.04.14-21.48.34:109][628]LogModuleManager: Shutting down and abandoning module GitSourceControl (306)
[2018.04.14-21.48.34:109][628]LogModuleManager: Shutting down and abandoning module SourceControl (305)
[2018.04.14-21.48.34:109][628]LogModuleManager: Shutting down and abandoning module CLionSourceCodeAccess (302)
[2018.04.14-21.48.34:109][628]LogModuleManager: Shutting down and abandoning module LightPropagationVolumeEditor (300)
[2018.04.14-21.48.34:109][628]LogModuleManager: Shutting down and abandoning module PaperTiledImporter (298)
[2018.04.14-21.48.34:109][628]LogModuleManager: Shutting down and abandoning module PaperSpriteSheetImporter (296)
[2018.04.14-21.48.34:109][628]LogModuleManager: Shutting down and abandoning module Paper2DEditor (294)
[2018.04.14-21.48.34:109][628]LogModuleManager: Shutting down and abandoning module MeshPaint (293)
[2018.04.14-21.48.34:109][628]LogModuleManager: Shutting down and abandoning module RuntimePhysXCooking (290)
[2018.04.14-21.48.34:109][628]LogModuleManager: Shutting down and abandoning module PhysXVehiclesEditor (288)
[2018.04.14-21.48.34:109][628]LogModuleManager: Shutting down and abandoning module PhysXVehicles (286)
[2018.04.14-21.48.34:109][628]LogModuleManager: Shutting down and abandoning module OculusEditor (284)
[2018.04.14-21.48.34:109][628]LogModuleManager: Shutting down and abandoning module LocationServicesBPLibrary (282)
[2018.04.14-21.48.34:110][628]LogModuleManager: Shutting down and abandoning module ImmediatePhysicsEditor (280)
[2018.04.14-21.48.34:110][628]LogModuleManager: Shutting down and abandoning module ImmediatePhysics (278)
[2018.04.14-21.48.34:110][628]LogModuleManager: Shutting down and abandoning module ActorSequence (276)
[2018.04.14-21.48.34:110][628]LogModuleManager: Shutting down and abandoning module UdpMessaging (274)
[2018.04.14-21.48.34:210][628]LogModuleManager: Shutting down and abandoning module TcpMessaging (272)
[2018.04.14-21.48.34:311][628]LogModuleManager: Shutting down and abandoning module WebUI (270)
[2018.04.14-21.48.34:311][628]LogModuleManager: Shutting down and abandoning module GameplayTagsEditor (268)
[2018.04.14-21.48.34:311][628]LogModuleManager: Shutting down and abandoning module FacialAnimationEditor (266)
[2018.04.14-21.48.34:311][628]LogModuleManager: Shutting down and abandoning module FacialAnimation (264)
[2018.04.14-21.48.34:311][628]LogModuleManager: Shutting down and abandoning module DataValidation (262)
[2018.04.14-21.48.34:311][628]LogModuleManager: Shutting down and abandoning module AssetManagerEditor (260)
[2018.04.14-21.48.34:311][628]LogModuleManager: Shutting down and abandoning module LevelEditor (259)
[2018.04.14-21.48.34:312][628]LogModuleManager: Shutting down and abandoning module PixelInspectorModule (258)
[2018.04.14-21.48.34:312][628]LogModuleManager: Shutting down and abandoning module CommonMenuExtensions (256)
[2018.04.14-21.48.34:312][628]LogModuleManager: Shutting down and abandoning module MainFrame (254)
[2018.04.14-21.48.34:312][628]LogModuleManager: Shutting down and abandoning module HotReload (253)
[2018.04.14-21.48.34:313][628]LogModuleManager: Shutting down and abandoning module ContentBrowser (249)
[2018.04.14-21.48.34:314][628]LogModuleManager: Shutting down and abandoning module TreeMap (247)
[2018.04.14-21.48.34:314][628]LogModuleManager: Shutting down and abandoning module LightPropagationVolumeRuntime (244)
[2018.04.14-21.48.34:314][628]LogModuleManager: Shutting down and abandoning module LiveLinkEditor (242)
[2018.04.14-21.48.34:314][628]LogModuleManager: Shutting down and abandoning module LiveLink (240)
[2018.04.14-21.48.35:215][628]LogModuleManager: Shutting down and abandoning module Paper2D (238)
[2018.04.14-21.48.35:215][628]LogModuleManager: Shutting down and abandoning module WindowsMoviePlayer (236)
[2018.04.14-21.48.35:215][628]LogModuleManager: Shutting down and abandoning module WmfMedia (234)
[2018.04.14-21.48.35:219][628]LogModuleManager: Shutting down and abandoning module Media (233)
[2018.04.14-21.48.35:225][628]LogModuleManager: Shutting down and abandoning module PacketHandler (230)
[2018.04.14-21.48.35:225][628]LogModuleManager: Shutting down and abandoning module ClothingSystemEditor (228)
[2018.04.14-21.48.35:225][628]LogModuleManager: Shutting down and abandoning module ClothingSystemRuntime (226)
[2018.04.14-21.48.35:226][628]LogModuleManager: Shutting down and abandoning module MediaAssets (224)
[2018.04.14-21.48.35:226][628]LogModuleManager: Shutting down and abandoning module Overlay (222)
[2018.04.14-21.48.35:226][628]LogModuleManager: Shutting down and abandoning module OverlayEditor (221)
[2018.04.14-21.48.35:226][628]LogModuleManager: Shutting down and abandoning module VREditor (218)
[2018.04.14-21.48.35:226][628]LogModuleManager: Shutting down and abandoning module StringTableEditor (216)
[2018.04.14-21.48.35:226][628]LogModuleManager: Shutting down and abandoning module GameplayTasksEditor (214)
[2018.04.14-21.48.35:226][628]LogModuleManager: Shutting down and abandoning module BehaviorTreeEditor (212)
[2018.04.14-21.48.35:226][628]LogModuleManager: Shutting down and abandoning module FunctionalTesting (210)
[2018.04.14-21.48.35:226][628]LogModuleManager: Shutting down and abandoning module CollisionAnalyzer (208)
[2018.04.14-21.48.35:226][628]LogModuleManager: Shutting down and abandoning module WorkspaceMenuStructure (207)
[2018.04.14-21.48.35:226][628]LogModuleManager: Shutting down and abandoning module UMG (204)
[2018.04.14-21.48.35:226][628]LogModuleManager: Shutting down and abandoning module UMGEditor (203)
[2018.04.14-21.48.35:226][628]LogModuleManager: Shutting down and abandoning module Sequencer (202)
[2018.04.14-21.48.35:226][628]LogModuleManager: Shutting down and abandoning module MessageLog (199)
[2018.04.14-21.48.35:226][628]LogModuleManager: Shutting down and abandoning module SlateReflector (194)
[2018.04.14-21.48.35:226][628]LogModuleManager: Shutting down and abandoning module Slate (192)
[2018.04.14-21.48.35:226][628]LogModuleManager: Shutting down and abandoning module EditorStyle (190)
[2018.04.14-21.48.35:228][628]LogModuleManager: Shutting down and abandoning module MRMesh (188)
[2018.04.14-21.48.35:228][628]LogModuleManager: Shutting down and abandoning module SourceCodeAccess (186)
[2018.04.14-21.48.35:228][628]LogModuleManager: Shutting down and abandoning module HeadMountedDisplay (184)
[2018.04.14-21.48.35:228][628]LogModuleManager: Shutting down and abandoning module XAudio2 (182)
[2018.04.14-21.48.35:228][628]LogModuleManager: Shutting down and abandoning module Networking (180)
[2018.04.14-21.48.35:228][628]LogModuleManager: Shutting down and abandoning module Core (178)
[2018.04.14-21.48.35:228][628]LogModuleManager: Shutting down and abandoning module LevelSequence (176)
[2018.04.14-21.48.35:228][628]LogModuleManager: Shutting down and abandoning module KismetCompiler (174)
[2018.04.14-21.48.35:228][628]LogModuleManager: Shutting down and abandoning module MeshUtilities (172)
[2018.04.14-21.48.35:228][628]LogModuleManager: Shutting down and abandoning module MeshMergeUtilities (171)
[2018.04.14-21.48.35:228][628]LogModuleManager: Shutting down and abandoning module MeshReductionInterface (170)
[2018.04.14-21.48.35:228][628]LogModuleManager: Shutting down and abandoning module SimplygonSwarm (169)
[2018.04.14-21.48.35:228][628]LogModuleManager: Shutting down and abandoning module SimplygonMeshReduction (167)
[2018.04.14-21.48.35:228][628]LogModuleManager: Shutting down and abandoning module QuadricMeshReduction (165)
[2018.04.14-21.48.35:228][628]LogModuleManager: Shutting down and abandoning module MaterialBaking (161)
[2018.04.14-21.48.35:228][628]LogModuleManager: Shutting down and abandoning module DirectoryWatcher (157)
[2018.04.14-21.48.35:229][628]LogModuleManager: Shutting down and abandoning module DerivedDataCache (154)
[2018.04.14-21.48.35:316][628]LogDerivedDataCache: Shutdown
[2018.04.14-21.48.35:316][628]LogModuleManager: Shutting down and abandoning module XGEController (152)
[2018.04.14-21.48.35:316][628]LogModuleManager: Shutting down and abandoning module TargetPlatform (150)
[2018.04.14-21.48.35:316][628]LogModuleManager: Shutting down and abandoning module VulkanShaderFormat (149)
[2018.04.14-21.48.35:316][628]LogModuleManager: Shutting down and abandoning module ShaderFormatVectorVM (147)
[2018.04.14-21.48.35:316][628]LogModuleManager: Shutting down and abandoning module ShaderFormatOpenGL (145)
[2018.04.14-21.48.35:316][628]LogModuleManager: Shutting down and abandoning module ShaderFormatD3D (143)
[2018.04.14-21.48.35:316][628]LogModuleManager: Shutting down and abandoning module MetalShaderFormat (141)
[2018.04.14-21.48.35:316][628]LogModuleManager: Shutting down and abandoning module TextureFormatUncompressed (139)
[2018.04.14-21.48.35:316][628]LogModuleManager: Shutting down and abandoning module TextureFormatPVR (137)
[2018.04.14-21.48.35:316][628]LogModuleManager: Shutting down and abandoning module TextureFormatDXT (135)
[2018.04.14-21.48.35:316][628]LogModuleManager: Shutting down and abandoning module TextureFormatIntelISPCTexComp (133)
[2018.04.14-21.48.35:316][628]LogModuleManager: Shutting down and abandoning module TextureFormatASTC (131)
[2018.04.14-21.48.35:317][628]LogModuleManager: Shutting down and abandoning module ImageWrapper (130)
[2018.04.14-21.48.35:317][628]LogModuleManager: Shutting down and abandoning module TextureFormatAndroid (127)
[2018.04.14-21.48.35:317][628]LogModuleManager: Shutting down and abandoning module AudioFormatOpus (125)
[2018.04.14-21.48.35:317][628]LogModuleManager: Shutting down and abandoning module AudioFormatOgg (123)
[2018.04.14-21.48.35:317][628]LogModuleManager: Shutting down and abandoning module AudioFormatADPCM (121)
[2018.04.14-21.48.35:317][628]LogModuleManager: Shutting down and abandoning module LinuxTargetPlatform (119)
[2018.04.14-21.48.35:317][628]LogModuleManager: Shutting down and abandoning module LinuxServerTargetPlatform (117)
[2018.04.14-21.48.35:317][628]LogModuleManager: Shutting down and abandoning module LinuxNoEditorTargetPlatform (115)
[2018.04.14-21.48.35:317][628]LogModuleManager: Shutting down and abandoning module LinuxClientTargetPlatform (113)
[2018.04.14-21.48.35:317][628]LogModuleManager: Shutting down and abandoning module TVOSTargetPlatform (111)
[2018.04.14-21.48.35:317][628]LogModuleManager: Shutting down and abandoning module Messaging (109)
[2018.04.14-21.48.35:317][628]LogModuleManager: Shutting down and abandoning module IOSTargetPlatform (107)
[2018.04.14-21.48.35:317][628]LogModuleManager: Shutting down and abandoning module HTML5TargetPlatform (105)
[2018.04.14-21.48.35:317][628]LogModuleManager: Shutting down and abandoning module AndroidTargetPlatform (103)
[2018.04.14-21.48.35:317][628]LogModuleManager: Shutting down and abandoning module Android_PVRTCTargetPlatform (101)
[2018.04.14-21.48.35:317][628]LogModuleManager: Shutting down and abandoning module Android_MultiTargetPlatform (99)
[2018.04.14-21.48.35:317][628]LogModuleManager: Shutting down and abandoning module Android_ETC2TargetPlatform (97)
[2018.04.14-21.48.35:317][628]LogModuleManager: Shutting down and abandoning module Android_ETC1TargetPlatform (95)
[2018.04.14-21.48.35:317][628]LogModuleManager: Shutting down and abandoning module Android_ETC1aTargetPlatform (93)
[2018.04.14-21.48.35:317][628]LogModuleManager: Shutting down and abandoning module Android_DXTTargetPlatform (91)
[2018.04.14-21.48.35:317][628]LogModuleManager: Shutting down and abandoning module Android_ATCTargetPlatform (89)
[2018.04.14-21.48.35:317][628]LogModuleManager: Shutting down and abandoning module Android_ASTCTargetPlatform (87)
[2018.04.14-21.48.35:317][628]LogModuleManager: Shutting down and abandoning module WindowsTargetPlatform (85)
[2018.04.14-21.48.35:317][628]LogModuleManager: Shutting down and abandoning module WindowsServerTargetPlatform (83)
[2018.04.14-21.48.35:317][628]LogModuleManager: Shutting down and abandoning module WindowsNoEditorTargetPlatform (81)
[2018.04.14-21.48.35:317][628]LogModuleManager: Shutting down and abandoning module WindowsClientTargetPlatform (79)
[2018.04.14-21.48.35:317][628]LogModuleManager: Shutting down and abandoning module MacTargetPlatform (77)
[2018.04.14-21.48.35:317][628]LogModuleManager: Shutting down and abandoning module MacServerTargetPlatform (75)
[2018.04.14-21.48.35:317][628]LogModuleManager: Shutting down and abandoning module MacNoEditorTargetPlatform (73)
[2018.04.14-21.48.35:317][628]LogModuleManager: Shutting down and abandoning module MacClientTargetPlatform (71)
[2018.04.14-21.48.35:317][628]LogModuleManager: Shutting down and abandoning module AllDesktopTargetPlatform (69)
[2018.04.14-21.48.35:317][628]LogModuleManager: Shutting down and abandoning module InputCore (66)
[2018.04.14-21.48.35:318][628]LogModuleManager: Shutting down and abandoning module Settings (64)
[2018.04.14-21.48.35:318][628]LogModuleManager: Shutting down and abandoning module PhysXCooking (62)
[2018.04.14-21.48.35:318][628]LogModuleManager: Shutting down and abandoning module SteamVR (60)
[2018.04.14-21.48.35:318][628]LogModuleManager: Shutting down and abandoning module OculusHMD (58)
[2018.04.14-21.48.35:318][628]LogModuleManager: Shutting down and abandoning module ExampleDeviceProfileSelector (56)
[2018.04.14-21.48.35:318][628]LogModuleManager: Shutting down and abandoning module AppleARKit (54)
[2018.04.14-21.48.35:318][628]LogModuleManager: Shutting down and abandoning module AugmentedReality (51)
[2018.04.14-21.48.35:318][628]LogModuleManager: Shutting down and abandoning module OnlineBlueprintSupport (48)
[2018.04.14-21.48.35:318][628]LogModuleManager: Shutting down and abandoning module OnlineSubsystem (44)
[2018.04.14-21.48.35:318][628]LogModuleManager: Shutting down and abandoning module XMPP (43)
[2018.04.14-21.48.35:318][628]LogModuleManager: Shutting down and abandoning module HTTP (41)
[2018.04.14-21.48.35:318][628]LogHttp: Display: Http module shutting down, but needs to wait on 1 outstanding Http requests:
[2018.04.14-21.48.35:318][628]LogHttp: Display: 	verb=[POST] url=[https://datarouter.ol.epicgames.com/datarouter/api/v1/public/data?SessionID=%7B79730702-44E7-8272-9742-8A8AE4B2B867%7D&AppID=UEEditor.Rocket.Release&AppVersion=4.19.1-3989454%2B%2B%2BUE4%2BRelease-4.19&UserID=ddbc777346cf340290653fa28e41e5e1%7C2e30c59f84c242b9b48f44b848e5d366%7Cba3d8f6c-1043-4aae-9f44-2f6ddbadbfba&AppEnvironment=datacollector-binary&UploadType=eteventstream] status=Processing
[2018.04.14-21.48.35:344][628]LogModuleManager: Shutting down and abandoning module SSL (40)
[2018.04.14-21.48.35:346][628]LogModuleManager: Shutting down and abandoning module AnimationModifiers (36)
[2018.04.14-21.48.35:346][628]LogModuleManager: Shutting down and abandoning module PropertyEditor (35)
[2018.04.14-21.48.35:346][628]LogModuleManager: Shutting down and abandoning module AudioEditor (32)
[2018.04.14-21.48.35:346][628]LogModuleManager: Shutting down and abandoning module TextureCompressor (30)
[2018.04.14-21.48.35:346][628]LogModuleManager: Shutting down and abandoning module ShaderCore (28)
[2018.04.14-21.48.35:347][628]LogModuleManager: Shutting down and abandoning module Landscape (26)
[2018.04.14-21.48.35:347][628]LogModuleManager: Shutting down and abandoning module SlateRHIRenderer (24)
[2018.04.14-21.48.35:348][628]LogModuleManager: Shutting down and abandoning module OpenGLDrv (22)
[2018.04.14-21.48.35:348][628]LogModuleManager: Shutting down and abandoning module D3D11RHI (20)
[2018.04.14-21.48.35:348][628]LogModuleManager: Shutting down and abandoning module AnimGraphRuntime (18)
[2018.04.14-21.48.35:348][628]LogModuleManager: Shutting down and abandoning module Renderer (16)
[2018.04.14-21.48.35:348][628]LogModuleManager: Shutting down and abandoning module Engine (14)
[2018.04.14-21.48.35:348][628]LogModuleManager: Shutting down and abandoning module CoreUObject (12)
[2018.04.14-21.48.35:348][628]LogModuleManager: Shutting down and abandoning module NetworkFile (10)
[2018.04.14-21.48.35:348][628]LogModuleManager: Shutting down and abandoning module CookedIterativeFile (8)
[2018.04.14-21.48.35:348][628]LogModuleManager: Shutting down and abandoning module StreamingFile (6)
[2018.04.14-21.48.35:348][628]LogModuleManager: Shutting down and abandoning module SandboxFile (4)
[2018.04.14-21.48.35:348][628]LogModuleManager: Shutting down and abandoning module PakFile (2)
[2018.04.14-21.48.35:368][628]LogExit: Exiting.
[2018.04.14-21.48.35:384][628]Log file closed, 04/14/18 16:48:35
